<?xml version="1.0" encoding="UTF-8"?>
<testsuite name="is.ru.StringCalculator.CalculatorTest" tests="1" skipped="0" failures="0" errors="0" timestamp="2017-10-08T16:27:42" hostname="Notandi-PC" time="0.005">
  <properties/>
  <testcase name="testEmptyString" classname="is.ru.StringCalculator.CalculatorTest" time="0.005"/>
  <system-out><![CDATA[]]></system-out>
  <system-err><![CDATA[]]></system-err>
</testsuite>
