<?xml version="1.0" encoding="UTF-8"?>
<testsuite name="is.ru.StringCalculator.CalculatorTest" tests="3" skipped="0" failures="0" errors="0" timestamp="2017-10-08T17:30:33" hostname="Notandi-PC" time="0.028">
  <properties/>
  <testcase name="testEmptyString" classname="is.ru.StringCalculator.CalculatorTest" time="0.025"/>
  <testcase name="testTwoNumbers" classname="is.ru.StringCalculator.CalculatorTest" time="0.0"/>
  <testcase name="testOneNumber" classname="is.ru.StringCalculator.CalculatorTest" time="0.0"/>
  <system-out><![CDATA[]]></system-out>
  <system-err><![CDATA[]]></system-err>
</testsuite>
