<?xml version="1.0" encoding="UTF-8"?>
<testsuite name="is.ru.StringCalculator.CalculatorTest" tests="2" skipped="0" failures="0" errors="0" timestamp="2017-10-08T16:51:53" hostname="Notandi-PC" time="0.007">
  <properties/>
  <testcase name="testEmptyString" classname="is.ru.StringCalculator.CalculatorTest" time="0.006"/>
  <testcase name="testOneNumber" classname="is.ru.StringCalculator.CalculatorTest" time="0.0"/>
  <system-out><![CDATA[]]></system-out>
  <system-err><![CDATA[]]></system-err>
</testsuite>
